2020-04-23 15:10:03,715 [Worker-3: Loading available Gradle versions] INFO  o.e.b.c.i.u.g.PublishedGradleVersions - Gradle version information cache is up-to-date. Trying to read.
2020-04-23 15:11:04,807 [Worker-7: Updating Maven Dependencies] INFO  o.e.m.c.i.l.LifecycleMappingFactory - Using org.eclipse.m2e.jdt.JarLifecycleMapping lifecycle mapping for MavenProject: djmvnprojects:Mavenjava:1 @ E:\Virtual Drive\selenium\Rohan Sheety\Sesstion 32 GIT\Mavenjava\pom.xml.
2020-04-23 15:11:04,805 [Worker-9: Building] INFO  o.e.m.c.i.l.LifecycleMappingFactory - Using org.eclipse.m2e.jdt.JarLifecycleMapping lifecycle mapping for MavenProject: djmvnprojects:Mavenjava:1 @ E:\Virtual Drive\selenium\Rohan Sheety\Sesstion 32 GIT\Mavenjava\pom.xml.
2020-04-23 15:11:21,911 [Worker-9: Building] WARN  o.e.m.c.i.embedder.EclipseLogger - Using platform encoding (Cp1252 actually) to copy filtered resources, i.e. build is platform dependent!
2020-04-23 15:11:21,913 [Worker-9: Building] INFO  o.e.m.c.i.embedder.EclipseLogger - skip non existing resourceDirectory E:\Virtual Drive\selenium\Rohan Sheety\Sesstion 32 GIT\Mavenjava\src\main\resources
2020-04-23 15:11:21,919 [Worker-9: Building] WARN  o.e.m.c.i.embedder.EclipseLogger - Using platform encoding (Cp1252 actually) to copy filtered resources, i.e. build is platform dependent!
2020-04-23 15:11:21,921 [Worker-9: Building] INFO  o.e.m.c.i.embedder.EclipseLogger - skip non existing resourceDirectory E:\Virtual Drive\selenium\Rohan Sheety\Sesstion 32 GIT\Mavenjava\src\test\resources
2020-04-23 15:11:24,741 [Worker-13: Updating Maven Dependencies] INFO  o.e.m.c.i.l.LifecycleMappingFactory - Using org.eclipse.m2e.jdt.JarLifecycleMapping lifecycle mapping for MavenProject: djmvnprojects:Mavenjava:1 @ E:\Virtual Drive\selenium\Rohan Sheety\Sesstion 32 GIT\Mavenjava\pom.xml.
2020-04-23 15:11:27,225 [Worker-0: Building] WARN  o.e.m.c.i.embedder.EclipseLogger - Using platform encoding (Cp1252 actually) to copy filtered resources, i.e. build is platform dependent!
2020-04-23 15:11:27,228 [Worker-0: Building] INFO  o.e.m.c.i.embedder.EclipseLogger - skip non existing resourceDirectory E:\Virtual Drive\selenium\Rohan Sheety\Sesstion 32 GIT\Mavenjava\src\main\resources
2020-04-23 15:11:27,233 [Worker-0: Building] WARN  o.e.m.c.i.embedder.EclipseLogger - Using platform encoding (Cp1252 actually) to copy filtered resources, i.e. build is platform dependent!
2020-04-23 15:11:27,234 [Worker-0: Building] INFO  o.e.m.c.i.embedder.EclipseLogger - skip non existing resourceDirectory E:\Virtual Drive\selenium\Rohan Sheety\Sesstion 32 GIT\Mavenjava\src\test\resources
2020-04-23 15:11:30,101 [Worker-8: Building] WARN  o.e.m.c.i.embedder.EclipseLogger - Using platform encoding (Cp1252 actually) to copy filtered resources, i.e. build is platform dependent!
2020-04-23 15:11:30,102 [Worker-8: Building] INFO  o.e.m.c.i.embedder.EclipseLogger - skip non existing resourceDirectory E:\Virtual Drive\selenium\Rohan Sheety\Sesstion 32 GIT\Mavenjava\src\main\resources
2020-04-23 15:11:30,106 [Worker-8: Building] WARN  o.e.m.c.i.embedder.EclipseLogger - Using platform encoding (Cp1252 actually) to copy filtered resources, i.e. build is platform dependent!
2020-04-23 15:11:30,108 [Worker-8: Building] INFO  o.e.m.c.i.embedder.EclipseLogger - skip non existing resourceDirectory E:\Virtual Drive\selenium\Rohan Sheety\Sesstion 32 GIT\Mavenjava\src\test\resources
2020-04-23 15:16:30,564 [Worker-3: Building] WARN  o.e.m.c.i.embedder.EclipseLogger - Using platform encoding (Cp1252 actually) to copy filtered resources, i.e. build is platform dependent!
2020-04-23 15:16:30,603 [Worker-3: Building] INFO  o.e.m.c.i.embedder.EclipseLogger - skip non existing resourceDirectory E:\Virtual Drive\selenium\Rohan Sheety\Sesstion 32 GIT\Mavenjava\src\main\resources
2020-04-23 15:16:30,606 [Worker-3: Building] WARN  o.e.m.c.i.embedder.EclipseLogger - Using platform encoding (Cp1252 actually) to copy filtered resources, i.e. build is platform dependent!
2020-04-23 15:16:30,608 [Worker-3: Building] INFO  o.e.m.c.i.embedder.EclipseLogger - skip non existing resourceDirectory E:\Virtual Drive\selenium\Rohan Sheety\Sesstion 32 GIT\Mavenjava\src\test\resources
2020-04-23 15:25:30,244 [Worker-2: Building] WARN  o.e.m.c.i.embedder.EclipseLogger - Using platform encoding (Cp1252 actually) to copy filtered resources, i.e. build is platform dependent!
2020-04-23 15:25:31,067 [Worker-2: Building] INFO  o.e.m.c.i.embedder.EclipseLogger - skip non existing resourceDirectory E:\Virtual Drive\selenium\Rohan Sheety\Sesstion 32 GIT\Mavenjava\src\main\resources
2020-04-23 15:25:31,071 [Worker-2: Building] WARN  o.e.m.c.i.embedder.EclipseLogger - Using platform encoding (Cp1252 actually) to copy filtered resources, i.e. build is platform dependent!
2020-04-23 15:25:31,073 [Worker-2: Building] INFO  o.e.m.c.i.embedder.EclipseLogger - skip non existing resourceDirectory E:\Virtual Drive\selenium\Rohan Sheety\Sesstion 32 GIT\Mavenjava\src\test\resources
2020-04-23 15:25:32,912 [Worker-2: Building] WARN  o.e.m.c.i.embedder.EclipseLogger - Using platform encoding (Cp1252 actually) to copy filtered resources, i.e. build is platform dependent!
2020-04-23 15:25:32,913 [Worker-2: Building] INFO  o.e.m.c.i.embedder.EclipseLogger - skip non existing resourceDirectory E:\Virtual Drive\selenium\Rohan Sheety\Sesstion 32 GIT\Mavenjava\src\main\resources
2020-04-23 15:25:32,964 [Worker-2: Building] WARN  o.e.m.c.i.embedder.EclipseLogger - Using platform encoding (Cp1252 actually) to copy filtered resources, i.e. build is platform dependent!
2020-04-23 15:25:32,965 [Worker-2: Building] INFO  o.e.m.c.i.embedder.EclipseLogger - skip non existing resourceDirectory E:\Virtual Drive\selenium\Rohan Sheety\Sesstion 32 GIT\Mavenjava\src\test\resources
